<?xml version="1.0" encoding="UTF-8"?>
<!-- Generated by org.testng.reporters.JUnitReportReporter -->
<testsuite hostname="Minas-MacBook-Pro.local" name="parcijalni.HotelReceptionTest" tests="4" failures="0" timestamp="31 Oct 2020 14:39:34 GMT" time="0.015" errors="1">
  <testcase name="testBooked" time="0.012" classname="parcijalni.HotelReceptionTest"/>
  <testcase name="testException" time="0.002" classname="parcijalni.HotelReceptionTest"/>
  <testcase name="testBookedRoom" time="0.001" classname="parcijalni.HotelReceptionTest"/>
  <testcase name="testTooManyPeople" time="0.000" classname="parcijalni.HotelReceptionTest">
    <error type="java.lang.Exception">
      <![CDATA[java.lang.Exception
]]>
    </error>
  </testcase> <!-- testTooManyPeople -->
</testsuite> <!-- parcijalni.HotelReceptionTest -->
