<?xml version="1.0" encoding="UTF-8"?>
<!-- Generated by org.testng.reporters.JUnitReportReporter -->
<testsuite hostname="Minas-MacBook-Pro.local" name="unittesting.calculator.Zadatak6Test" tests="5" failures="0" timestamp="9 Oct 2020 16:37:38 GMT" time="0.006" errors="0">
  <testcase name="test2" time="0.001" classname="unittesting.calculator.Zadatak6Test"/>
  <testcase name="test3" time="0.001" classname="unittesting.calculator.Zadatak6Test"/>
  <testcase name="test1" time="0.004" classname="unittesting.calculator.Zadatak6Test"/>
  <testcase name="test4" time="0.000" classname="unittesting.calculator.Zadatak6Test"/>
  <testcase name="test5" time="0.000" classname="unittesting.calculator.Zadatak6Test"/>
</testsuite> <!-- unittesting.calculator.Zadatak6Test -->
