<?xml version="1.0" encoding="UTF-8"?>
<!-- Generated by org.testng.reporters.JUnitReportReporter -->
<testsuite hostname="tester-VirtualBox" name="unittesting.parcijalni.HotelReceptionTest" tests="12" failures="0" timestamp="10 Mar 2021 13:36:40 GMT" time="0.601" errors="0">
  <testcase name="has18Years" time="0.031" classname="unittesting.parcijalni.HotelReceptionTest"/>
  <testcase name="hasMinusYears" time="0.002" classname="unittesting.parcijalni.HotelReceptionTest"/>
  <testcase name="roomCapacity" time="0.012" classname="unittesting.parcijalni.HotelReceptionTest"/>
  <testcase name="happyFlow" time="0.010" classname="unittesting.parcijalni.HotelReceptionTest"/>
  <testcase name="dataProviderTest" time="0.025" classname="unittesting.parcijalni.HotelReceptionTest"/>
  <testcase name="dataProviderTest" time="0.002" classname="unittesting.parcijalni.HotelReceptionTest"/>
  <testcase name="dataProviderTest" time="0.002" classname="unittesting.parcijalni.HotelReceptionTest"/>
  <testcase name="tooManyPeople" time="0.007" classname="unittesting.parcijalni.HotelReceptionTest"/>
  <testcase name="roomIsBooked" time="0.496" classname="unittesting.parcijalni.HotelReceptionTest"/>
  <testcase name="dataProviderTest" time="0.003" classname="unittesting.parcijalni.HotelReceptionTest"/>
  <testcase name="dataProviderTest" time="0.003" classname="unittesting.parcijalni.HotelReceptionTest"/>
  <testcase name="isMinor" time="0.008" classname="unittesting.parcijalni.HotelReceptionTest"/>
</testsuite> <!-- unittesting.parcijalni.HotelReceptionTest -->
