<?xml version="1.0" encoding="UTF-8"?>
<!-- Generated by org.testng.reporters.JUnitReportReporter -->
<testsuite hostname="Minas-MacBook-Pro.local" name="unittesting.customer.Zadatak2" tests="1" failures="0" timestamp="11 Oct 2020 20:13:57 GMT" time="0.240" errors="0">
  <testcase name="testFindCustomerFullName2" time="0.240" classname="unittesting.customer.Zadatak2"/>
</testsuite> <!-- unittesting.customer.Zadatak2 -->
