<?xml version="1.0" encoding="UTF-8"?>
<!-- Generated by org.testng.reporters.JUnitReportReporter -->
<testsuite hostname="Minas-MacBook-Pro.local" name="unittesting.customer.Zadatak1" tests="4" failures="0" timestamp="11 Oct 2020 20:11:04 GMT" time="0.012" errors="0">
  <testcase name="testCheckCustomerCreditCardNumber" time="0.001" classname="unittesting.customer.Zadatak1"/>
  <testcase name="testCheckCustomerCreditCardNumber4" time="0.005" classname="unittesting.customer.Zadatak1"/>
  <testcase name="testCheckCustomerCreditCardNumber" time="0.001" classname="unittesting.customer.Zadatak1"/>
  <testcase name="testCheckCustomerCreditCardNumber" time="0.005" classname="unittesting.customer.Zadatak1"/>
</testsuite> <!-- unittesting.customer.Zadatak1 -->
