<?xml version="1.0" encoding="UTF-8"?>
<!-- Generated by org.testng.reporters.JUnitReportReporter -->
<testsuite hostname="Minas-MacBook-Pro.local" name="unittesting.mock.MockitoVerify" tests="1" failures="0" timestamp="9 Oct 2020 18:22:34 GMT" time="0.260" errors="0">
  <testcase name="testVerifyInOrder" time="0.260" classname="unittesting.mock.MockitoVerify"/>
</testsuite> <!-- unittesting.mock.MockitoVerify -->
