<?xml version="1.0" encoding="UTF-8"?>
<!-- Generated by org.testng.reporters.JUnitReportReporter -->
<testsuite hostname="Minas-MacBook-Pro.local" name="unittesting.calculator.CalculatorTestMulDiv" tests="2" failures="0" timestamp="9 Oct 2020 16:29:09 GMT" time="0.002" errors="0">
  <testcase name="testDivByZero" time="0.001" classname="unittesting.calculator.CalculatorTestMulDiv"/>
  <testcase name="testDiv" time="0.001" classname="unittesting.calculator.CalculatorTestMulDiv"/>
</testsuite> <!-- unittesting.calculator.CalculatorTestMulDiv -->
