<?xml version="1.0" encoding="UTF-8"?>
<!-- Generated by org.testng.reporters.JUnitReportReporter -->
<testsuite hostname="Minas-MacBook-Pro.local" name="unittesting.mock.SpyTest" tests="1" failures="0" timestamp="9 Oct 2020 18:08:29 GMT" time="0.413" errors="0">
  <testcase name="SpyTest" time="0.413" classname="unittesting.mock.SpyTest"/>
</testsuite> <!-- unittesting.mock.SpyTest -->
