<?xml version="1.0" encoding="UTF-8"?>
<!-- Generated by org.testng.reporters.JUnitReportReporter -->
<testsuite hostname="Minas-MacBook-Pro.local" name="unittesting.calculator.CalculatorTestAddSub" tests="1" failures="0" timestamp="9 Oct 2020 16:33:33 GMT" time="0.005" errors="0">
  <testcase name="testAdd" time="0.005" classname="unittesting.calculator.CalculatorTestAddSub"/>
</testsuite> <!-- unittesting.calculator.CalculatorTestAddSub -->
