<?xml version="1.0" encoding="UTF-8"?>
<suite name = "testHotelRec">
	<test name = "testAll">
		<classes>
			<class name = "unittesting.parcijalni.HotelReceptionTest"></class>
		</classes>
	</test>
</suite>